ValidationFailed: {
  "status": 422,
  "statusText": "Unprocessable Entity",
  "message": "Validation error",
  "details": {
    "errors": [
      {
        "name": "type",
        "details": "The type of \"0\" is incorrect, expected type: String",
        "path": [
          "controls",
          0,
          "settings",
          0
        ],
        "type": "String",
        "value": {
          "trackingField": "title"
        }
      }
    ]
  },
  "request": {
    "url": "spaces/6wbue6wydgh9/environments/master/content_types/blog/editor_interface",
    "headers": {
      "Accept": "application/json, text/plain, */*",
      "Content-Type": "application/vnd.contentful.management.v1+json",
      "X-Contentful-User-Agent": "app contentful.cli/1.9.48; feature space-migration; sdk contentful-management-plain.js/7.48.0; platform node.js/v16.13.0; os Linux/5.11.0-44-generic;",
      "CF-Sequence": "adb3c988-33c6-4b81-9961-2fb239e9f947",
      "Authorization": "Bearer ...MW87c",
      "user-agent": "node.js/v16.13.0",
      "Accept-Encoding": "gzip",
      "X-Contentful-Version": 1,
      "Content-Length": 128
    },
    "method": "put",
    "payloadData": "{\"controls\":[{\"fieldId\":\"slug\",\"widgetId\":\"slugEditor\",\"settings\":{\"0\":{\"trackingField\":\"title\"}},\"widgetNamespace\":\"builtin\"}]}"
  },
  "requestId": "2df28133-9389-4b25-98d8-fdfd3de7020e"
}
    at errorHandler (/home/usama/.nvm/versions/node/v16.13.0/lib/node_modules/contentful-cli/node_modules/contentful-management/dist/contentful-management.node.js:3492:15)
    at processTicksAndRejections (node:internal/process/task_queues:96:5)